2025-09-06 17:52:58,429 - INFO - Loading data from H:\2026-prep\mlsecopsLinearRegressor\data\processed\train.csv
2025-09-06 17:52:58,439 - INFO - Loaded data with shape (952, 9)
2025-09-06 17:52:58,440 - INFO - Performing correlation analysis...
2025-09-06 17:53:01,638 - INFO - Correlation heatmap saved to H:\2026-prep\mlsecopsLinearRegressor\data\processed\correlation_heatmap.png
2025-09-06 17:53:01,643 - INFO - Top correlated features with charges: ['age', 'smoker_yes', 'children', 'region_southeast', 'region_southwest']
2025-09-06 17:53:01,644 - INFO - Performing PCA analysis...
2025-09-06 17:53:01,660 - INFO - PCA explained variance ratios: [0.293655   0.25746983 0.22642425 0.06396296 0.06089351]
2025-09-06 17:53:01,666 - INFO - PCA model saved.
2025-09-06 17:53:01,675 - INFO - Feature engineering results saved to H:\2026-prep\mlsecopsLinearRegressor\data\processed\feature_eng_results.yaml
2025-09-06 18:00:33,245 - INFO - Loading data from H:\2026-prep\mlsecopsLinearRegressor\data\processed\train.csv
2025-09-06 18:00:33,267 - INFO - Loaded data with shape (952, 9)
2025-09-06 18:00:33,267 - INFO - Performing correlation analysis...
2025-09-06 18:00:33,877 - INFO - Correlation heatmap saved to H:\2026-prep\mlsecopsLinearRegressor\data\processed\correlation_heatmap.png
2025-09-06 18:00:33,879 - INFO - Top correlated features with charges: ['age', 'smoker_yes', 'children', 'region_southeast', 'region_southwest']
2025-09-06 18:00:33,879 - INFO - Performing PCA analysis...
2025-09-06 18:00:33,883 - INFO - PCA explained variance ratios: [0.293655   0.25746983 0.22642425 0.06396296 0.06089351]
2025-09-06 18:00:33,885 - INFO - PCA model saved.
2025-09-06 18:00:33,888 - INFO - Feature engineering results saved to H:\2026-prep\mlsecopsLinearRegressor\data\processed\feature_eng_results.yaml
2025-09-06 18:12:00,330 - INFO - Loading data from H:\2026-prep\mlsecopsLinearRegressor\data\processed\train.csv
2025-09-06 18:12:00,357 - INFO - Loaded data with shape (952, 9)
2025-09-06 18:12:00,357 - INFO - Performing correlation analysis...
2025-09-06 18:12:00,870 - INFO - Correlation heatmap saved to H:\2026-prep\mlsecopsLinearRegressor\data\processed\correlation_heatmap.png
2025-09-06 18:12:00,871 - INFO - Top correlated features with charges: ['age', 'smoker_yes', 'children', 'region_southeast', 'region_southwest']
2025-09-06 18:12:00,871 - INFO - Performing PCA analysis...
2025-09-06 18:12:00,876 - INFO - PCA explained variance ratios: [0.293655   0.25746983 0.22642425 0.06396296 0.06089351]
2025-09-06 18:12:00,878 - INFO - PCA model saved.
2025-09-06 18:12:00,881 - INFO - Feature engineering results saved to H:\2026-prep\mlsecopsLinearRegressor\data\processed\feature_eng_results.yaml
2025-09-06 18:12:50,487 - INFO - Loading data from H:\2026-prep\mlsecopsLinearRegressor\data\processed\train.csv
2025-09-06 18:12:50,512 - INFO - Loaded data with shape (833, 9)
2025-09-06 18:12:50,512 - INFO - Performing correlation analysis...
2025-09-06 18:12:51,046 - INFO - Correlation heatmap saved to H:\2026-prep\mlsecopsLinearRegressor\data\processed\correlation_heatmap.png
2025-09-06 18:12:51,047 - INFO - Top correlated features with charges: ['age', 'smoker_yes', 'children', 'region_southeast', 'region_southwest']
2025-09-06 18:12:51,047 - INFO - Performing PCA analysis...
2025-09-06 18:12:51,051 - INFO - PCA explained variance ratios: [0.2973887  0.25132057 0.23105336 0.06356357 0.06112848]
2025-09-06 18:12:51,054 - INFO - PCA model saved.
2025-09-06 18:12:51,056 - INFO - Feature engineering results saved to H:\2026-prep\mlsecopsLinearRegressor\data\processed\feature_eng_results.yaml
2025-09-06 18:13:28,056 - INFO - Loading data from H:\2026-prep\mlsecopsLinearRegressor\data\processed\train.csv
2025-09-06 18:13:28,084 - INFO - Loaded data with shape (833, 9)
2025-09-06 18:13:28,085 - INFO - Performing correlation analysis...
2025-09-06 18:13:28,587 - INFO - Correlation heatmap saved to H:\2026-prep\mlsecopsLinearRegressor\data\processed\correlation_heatmap.png
2025-09-06 18:13:28,589 - INFO - Top correlated features with charges: ['age', 'smoker_yes', 'children', 'region_southeast', 'region_southwest']
2025-09-06 18:13:28,589 - INFO - Performing PCA analysis...
2025-09-06 18:13:28,593 - INFO - PCA explained variance ratios: [0.2973887  0.25132057 0.23105336 0.06356357 0.06112848]
2025-09-06 18:13:28,595 - INFO - PCA model saved.
2025-09-06 18:13:28,598 - INFO - Feature engineering results saved to H:\2026-prep\mlsecopsLinearRegressor\data\processed\feature_eng_results.yaml
2025-09-06 18:17:06,687 - INFO - Loading data from H:\2026-prep\mlsecopsLinearRegressor\data\processed\train.csv
2025-09-06 18:17:06,715 - INFO - Loaded data with shape (833, 9)
2025-09-06 18:17:06,715 - INFO - Performing correlation analysis...
2025-09-06 18:17:07,248 - INFO - Correlation heatmap saved to H:\2026-prep\mlsecopsLinearRegressor\data\processed\correlation_heatmap.png
2025-09-06 18:17:07,249 - INFO - Top correlated features with charges: ['age', 'smoker_yes', 'children', 'region_southeast', 'region_southwest']
2025-09-06 18:17:07,250 - INFO - Performing PCA analysis...
2025-09-06 18:17:07,254 - INFO - PCA explained variance ratios: [0.2973887  0.25132057 0.23105336 0.06356357 0.06112848]
2025-09-06 18:17:07,257 - INFO - PCA model saved.
2025-09-06 18:17:07,259 - INFO - Feature engineering results saved to H:\2026-prep\mlsecopsLinearRegressor\data\processed\feature_eng_results.yaml
2025-09-06 18:31:21,423 - INFO - Loading data from H:\2026-prep\mlsecopsLinearRegressor\data\processed\train.csv
2025-09-06 18:31:21,444 - INFO - Loaded data with shape (833, 9)
2025-09-06 18:31:21,444 - INFO - Performing correlation analysis...
2025-09-06 18:31:21,918 - INFO - Correlation heatmap saved to H:\2026-prep\mlsecopsLinearRegressor\data\processed\correlation_heatmap.png
2025-09-06 18:31:21,919 - INFO - Top correlated features with charges: ['age', 'smoker_yes', 'children', 'region_southeast', 'region_southwest']
2025-09-06 18:31:21,920 - INFO - Performing PCA analysis...
2025-09-06 18:31:43,177 - INFO - Loading data from H:\2026-prep\mlsecopsLinearRegressor\data\processed\train.csv
2025-09-06 18:31:43,196 - INFO - Loaded data with shape (833, 9)
2025-09-06 18:31:43,197 - INFO - Performing correlation analysis...
2025-09-06 18:31:43,674 - INFO - Correlation heatmap saved to H:\2026-prep\mlsecopsLinearRegressor\data\processed\correlation_heatmap.png
2025-09-06 18:31:43,675 - INFO - Top correlated features with charges: ['age', 'smoker_yes', 'children', 'region_southeast', 'region_southwest']
2025-09-06 18:31:43,676 - INFO - Performing PCA analysis...
2025-09-06 18:31:43,680 - INFO - PCA explained variance ratios: [0.2973887  0.25132057 0.23105336 0.06356357 0.06112848 0.05774586
 0.02209342 0.01570605]
2025-09-06 18:31:43,683 - INFO - PCA model saved.
2025-09-06 18:31:43,685 - INFO - Feature engineering results saved to H:\2026-prep\mlsecopsLinearRegressor\data\processed\feature_eng_results.yaml
2025-09-06 18:32:27,020 - INFO - Loading data from H:\2026-prep\mlsecopsLinearRegressor\data\processed\train.csv
2025-09-06 18:32:27,042 - INFO - Loaded data with shape (833, 9)
2025-09-06 18:32:27,043 - INFO - Performing correlation analysis...
2025-09-06 18:32:27,508 - INFO - Correlation heatmap saved to H:\2026-prep\mlsecopsLinearRegressor\data\processed\correlation_heatmap.png
2025-09-06 18:32:27,509 - INFO - Top correlated features with charges: ['age', 'smoker_yes', 'children', 'region_southeast', 'region_southwest']
2025-09-06 18:32:27,509 - INFO - Performing PCA analysis...
2025-09-06 18:32:27,512 - INFO - PCA explained variance ratios: [0.2973887  0.25132057 0.23105336]
2025-09-06 18:32:27,515 - INFO - PCA model saved.
2025-09-06 18:32:27,517 - INFO - Feature engineering results saved to H:\2026-prep\mlsecopsLinearRegressor\data\processed\feature_eng_results.yaml
2025-09-06 21:28:39,963 - INFO - Loading data from H:\2026-prep\mlsecopsLinearRegressor\data\processed\train.csv
2025-09-06 21:28:39,997 - INFO - Loaded data with shape (833, 9)
2025-09-06 21:28:39,998 - INFO - Performing correlation analysis...
2025-09-06 21:28:42,680 - INFO - Correlation heatmap saved to H:\2026-prep\mlsecopsLinearRegressor\data\processed\correlation_heatmap.png
2025-09-06 21:28:42,684 - INFO - Top correlated features with charges: ['age', 'smoker_yes', 'children', 'region_southeast', 'region_southwest']
2025-09-06 21:28:42,685 - INFO - Performing PCA analysis...
2025-09-06 21:28:42,697 - INFO - PCA explained variance ratios: [0.2973887  0.25132057 0.23105336]
2025-09-06 21:28:42,702 - INFO - PCA model saved.
2025-09-06 21:28:42,707 - INFO - Feature engineering results saved to H:\2026-prep\mlsecopsLinearRegressor\data\processed\feature_eng_results.yaml
2025-09-06 23:42:51,299 - INFO - Loading data from H:\2026-prep\mlsecopsLinearRegressor\data\processed\train.csv
2025-09-06 23:42:51,316 - INFO - Loaded data with shape (833, 9)
2025-09-06 23:42:51,316 - INFO - Performing correlation analysis...
2025-09-06 23:42:52,894 - INFO - Correlation heatmap saved to H:\2026-prep\mlsecopsLinearRegressor\data\processed\correlation_heatmap.png
2025-09-06 23:42:52,897 - INFO - Top correlated features with charges: ['age', 'smoker_yes', 'children', 'region_southeast', 'region_southwest']
2025-09-06 23:42:52,897 - INFO - Performing PCA analysis...
2025-09-06 23:42:52,904 - INFO - PCA explained variance ratios: [0.2973887  0.25132057 0.23105336]
2025-09-06 23:42:52,907 - INFO - PCA model saved.
2025-09-06 23:42:52,910 - INFO - Feature engineering results saved to H:\2026-prep\mlsecopsLinearRegressor\data\processed\feature_eng_results.yaml
2025-09-07 09:54:53,671 - INFO - Loading data from H:\2026-prep\mlsecopsLinearRegressor\data\processed\train.csv
2025-09-07 09:54:53,712 - INFO - Loaded data with shape (833, 9)
2025-09-07 09:54:53,713 - INFO - Performing correlation analysis...
2025-09-07 09:54:56,642 - INFO - Correlation heatmap saved to H:\2026-prep\mlsecopsLinearRegressor\data\processed\correlation_heatmap.png
2025-09-07 09:54:56,655 - INFO - Top correlated features with charges: ['age', 'smoker_yes', 'children', 'region_southeast', 'region_southwest']
2025-09-07 09:54:56,656 - INFO - Performing PCA analysis...
2025-09-07 09:54:56,687 - INFO - PCA explained variance ratios: [0.2973887  0.25132057 0.23105336 0.06356357 0.06112848]
2025-09-07 09:54:56,694 - INFO - PCA model saved.
2025-09-07 09:54:56,704 - INFO - Feature engineering results saved to H:\2026-prep\mlsecopsLinearRegressor\data\processed\feature_eng_results.yaml
2025-09-07 10:29:12,411 - INFO - Loading data from H:\2026-prep\mlsecopsLinearRegressor\data\processed\train.csv
2025-09-07 10:29:12,451 - INFO - Loaded data with shape (952, 9)
2025-09-07 10:29:12,451 - INFO - Performing correlation analysis...
2025-09-07 10:29:13,648 - INFO - Correlation heatmap saved to H:\2026-prep\mlsecopsLinearRegressor\data\processed\correlation_heatmap.png
2025-09-07 10:29:13,657 - INFO - Top correlated features with charges: ['age', 'smoker_yes', 'children', 'region_southeast', 'region_southwest']
2025-09-07 10:29:13,658 - INFO - Performing PCA analysis...
2025-09-07 10:29:13,682 - INFO - PCA explained variance ratios: [0.293655   0.25746983 0.22642425 0.06396296 0.06089351]
2025-09-07 10:29:13,688 - INFO - PCA model saved.
2025-09-07 10:29:13,693 - INFO - Feature engineering results saved to H:\2026-prep\mlsecopsLinearRegressor\data\processed\feature_eng_results.yaml
2025-09-07 10:31:10,974 - INFO - Loading data from H:\2026-prep\mlsecopsLinearRegressor\data\processed\train.csv
2025-09-07 10:31:11,015 - INFO - Loaded data with shape (952, 9)
2025-09-07 10:31:11,015 - INFO - Performing correlation analysis...
2025-09-07 10:31:12,103 - INFO - Correlation heatmap saved to H:\2026-prep\mlsecopsLinearRegressor\data\processed\correlation_heatmap.png
2025-09-07 10:31:12,109 - INFO - Top correlated features with charges: ['age', 'smoker_yes', 'children', 'region_southeast', 'region_southwest']
2025-09-07 10:31:12,112 - INFO - Performing PCA analysis...
2025-09-07 10:31:12,126 - INFO - PCA explained variance ratios: [0.293655   0.25746983 0.22642425 0.06396296 0.06089351]
2025-09-07 10:31:12,133 - INFO - PCA model saved.
2025-09-07 10:31:12,138 - INFO - Feature engineering results saved to H:\2026-prep\mlsecopsLinearRegressor\data\processed\feature_eng_results.yaml
2025-09-07 10:32:45,158 - INFO - Loading data from H:\2026-prep\mlsecopsLinearRegressor\data\processed\train.csv
2025-09-07 10:32:45,198 - INFO - Loaded data with shape (952, 9)
2025-09-07 10:32:45,199 - INFO - Performing correlation analysis...
2025-09-07 10:32:46,264 - INFO - Correlation heatmap saved to H:\2026-prep\mlsecopsLinearRegressor\data\processed\correlation_heatmap.png
2025-09-07 10:32:46,267 - INFO - Top correlated features with charges: ['age', 'smoker_yes', 'children', 'region_southeast', 'region_southwest']
2025-09-07 10:32:46,274 - INFO - Performing PCA analysis...
2025-09-07 10:32:46,305 - INFO - PCA explained variance ratios: [0.293655   0.25746983 0.22642425 0.06396296 0.06089351]
2025-09-07 10:32:46,310 - INFO - PCA model saved.
2025-09-07 10:32:46,314 - INFO - Feature engineering results saved to H:\2026-prep\mlsecopsLinearRegressor\data\processed\feature_eng_results.yaml
2025-09-07 10:34:39,358 - INFO - Loading data from H:\2026-prep\mlsecopsLinearRegressor\data\processed\train.csv
2025-09-07 10:34:39,407 - INFO - Loaded data with shape (952, 9)
2025-09-07 10:34:39,407 - INFO - Performing correlation analysis...
2025-09-07 10:34:40,457 - INFO - Correlation heatmap saved to H:\2026-prep\mlsecopsLinearRegressor\data\processed\correlation_heatmap.png
2025-09-07 10:34:40,496 - INFO - Top correlated features with charges: ['age', 'smoker_yes', 'children', 'region_southeast', 'region_southwest']
2025-09-07 10:34:40,497 - INFO - Performing PCA analysis...
2025-09-07 10:34:40,512 - INFO - PCA explained variance ratios: [0.293655   0.25746983 0.22642425 0.06396296 0.06089351]
2025-09-07 10:34:40,520 - INFO - PCA model saved.
2025-09-07 10:34:40,525 - INFO - Feature engineering results saved to H:\2026-prep\mlsecopsLinearRegressor\data\processed\feature_eng_results.yaml
2025-09-07 10:35:51,642 - INFO - Loading data from H:\2026-prep\mlsecopsLinearRegressor\data\processed\train.csv
2025-09-07 10:35:51,678 - INFO - Loaded data with shape (952, 9)
2025-09-07 10:35:51,679 - INFO - Performing correlation analysis...
2025-09-07 10:35:52,675 - INFO - Correlation heatmap saved to H:\2026-prep\mlsecopsLinearRegressor\data\processed\correlation_heatmap.png
2025-09-07 10:35:52,680 - INFO - Top correlated features with charges: ['age', 'smoker_yes', 'children', 'region_southeast', 'region_southwest']
2025-09-07 10:35:52,694 - INFO - Performing PCA analysis...
2025-09-07 10:35:52,715 - INFO - PCA explained variance ratios: [0.293655   0.25746983 0.22642425 0.06396296 0.06089351]
2025-09-07 10:35:52,721 - INFO - PCA model saved.
2025-09-07 10:35:52,726 - INFO - Feature engineering results saved to H:\2026-prep\mlsecopsLinearRegressor\data\processed\feature_eng_results.yaml
2025-09-07 10:40:09,558 - INFO - Loading data from H:\2026-prep\mlsecopsLinearRegressor\data\processed\train.csv
2025-09-07 10:40:09,596 - INFO - Loaded data with shape (952, 9)
2025-09-07 10:40:09,597 - INFO - Performing correlation analysis...
2025-09-07 10:40:10,606 - INFO - Correlation heatmap saved to H:\2026-prep\mlsecopsLinearRegressor\data\processed\correlation_heatmap.png
2025-09-07 10:40:10,612 - INFO - Top correlated features with charges: ['age', 'smoker_yes', 'children', 'region_southeast', 'region_southwest']
2025-09-07 10:40:10,613 - INFO - Performing PCA analysis...
2025-09-07 10:40:10,641 - INFO - PCA explained variance ratios: [0.293655   0.25746983 0.22642425 0.06396296 0.06089351]
2025-09-07 10:40:10,650 - INFO - PCA model saved.
2025-09-07 10:40:10,659 - INFO - Feature engineering results saved to H:\2026-prep\mlsecopsLinearRegressor\data\processed\feature_eng_results.yaml
2025-09-07 11:53:24,760 - INFO - Loading data from H:\2026-prep\mlsecopsLinearRegressor\data\processed\train.csv
2025-09-07 11:53:24,805 - INFO - Loaded data with shape (952, 9)
2025-09-07 11:53:24,806 - INFO - Performing correlation analysis...
2025-09-07 11:53:27,650 - INFO - Correlation heatmap saved to H:\2026-prep\mlsecopsLinearRegressor\data\processed\correlation_heatmap.png
2025-09-07 11:53:27,672 - INFO - Top correlated features with charges: ['age', 'smoker_yes', 'children', 'region_southeast', 'region_southwest']
2025-09-07 11:53:27,673 - INFO - Performing PCA analysis...
2025-09-07 11:53:27,699 - INFO - PCA explained variance ratios: [0.293655   0.25746983 0.22642425 0.06396296 0.06089351]
2025-09-07 11:53:27,706 - INFO - PCA model saved.
2025-09-07 11:53:27,711 - INFO - Feature engineering results saved to H:\2026-prep\mlsecopsLinearRegressor\data\processed\feature_eng_results.yaml
